<?xml version="1.0" encoding="UTF-8"?>
<testsuite name="InvoiceTest" tests="1" skipped="0" failures="0" errors="0" timestamp="2020-10-27T19:34:48" hostname="LAPTOP-21LB24T9" time="0.003">
  <properties/>
  <testcase name="givenMultipleRides_ShouldReturnSummary" classname="InvoiceTest" time="0.003"/>
  <system-out><![CDATA[]]></system-out>
  <system-err><![CDATA[]]></system-err>
</testsuite>
